<?xml version="1.0" encoding="UTF-8"?>
<!-- Generated by org.testng.reporters.JUnitReportReporter -->
<testsuite hostname="KN-PF2Q3K8K" failures="0" tests="3" name="TestNG02PrioritizingTestCases" time="0.032" errors="0" timestamp="2024-04-13T17:24:37 IST" skipped="0">
  <testcase classname="TestNG02PrioritizingTestCases" name="ApiLoginCarLoan" time="0.023"/>
  <system-out/>
  <testcase classname="TestNG02PrioritizingTestCases" name="webLoginCarLoan" time="0.005"/>
  <system-out/>
  <testcase classname="TestNG02PrioritizingTestCases" name="mobileLoginCarLoan" time="0.004"/>
  <system-out/>
</testsuite> <!-- TestNG02PrioritizingTestCases -->
