<?xml version="1.0" encoding="UTF-8"?>
<!-- Generated by org.testng.reporters.JUnitReportReporter -->
<testsuite hostname="KN-PF2Q3K8K" failures="0" tests="3" name="TestNG02PrioritizingTestCases2" time="0.010" errors="0" timestamp="2024-04-13T17:24:37 IST" skipped="0">
  <testcase classname="TestNG02PrioritizingTestCases2" name="webLoginHomeLoan" time="0.004"/>
  <system-out/>
  <testcase classname="TestNG02PrioritizingTestCases2" name="mobileLoginHomeLoan" time="0.003"/>
  <system-out/>
  <testcase classname="TestNG02PrioritizingTestCases2" name="ApiLoginHomeLoan" time="0.003"/>
  <system-out/>
</testsuite> <!-- TestNG02PrioritizingTestCases2 -->
