<?xml version="1.0" encoding="UTF-8"?>
<!-- Generated by org.testng.reporters.JUnitReportReporter -->
<testsuite hostname="KN-PF2Q3K8K" failures="0" tests="1" name="TestNG03Annotations" time="0.003" errors="0" timestamp="2024-04-13T16:51:10 IST" skipped="0">
  <testcase classname="TestNG03Annotations" name="method1" time="0.003"/>
  <system-out/>
</testsuite> <!-- TestNG03Annotations -->
