<?xml version="1.0" encoding="UTF-8"?>
<!-- Generated by org.testng.reporters.JUnitReportReporter -->
<testsuite hostname="KN-C3P6FG3" failures="0" tests="2" name="TestNG01RunningTest" time="0.009" errors="0" timestamp="2024-07-12T20:30:43 IST" skipped="0">
  <testcase classname="TestNG01RunningTest" name="first" time="0.008"/>
  <testcase classname="TestNG01RunningTest" name="second" time="0.001"/>
</testsuite> <!-- TestNG01RunningTest -->
